<?xml version="1.0" encoding="UTF-8"?>
<!-- Generated by org.testng.reporters.JUnitXMLReporter -->
<testsuite ignored="0" hostname="LAPTOP-5RVKDHMM" failures="0" tests="11" name="Default test" time="77.981" errors="0" timestamp="2023-10-31T13:35:45 EDT">
  <testcase classname="TestPage.TestShop" name="electronicsTab" time="15.426"/>
  <testcase classname="TestPage.TestShop" name="HTCimage" time="3.584"/>
  <testcase classname="TestPage.TestShop" name="clickAC" time="12.024"/>
  <testcase classname="TestPage.TestShop" name="termschkbtn" time="7.037"/>
  <testcase classname="TestPage.TestShop" name="guestbtn" time="0.535"/>
  <testcase classname="TestPage.TestShop" name="continuebtn1" time="4.087"/>
  <testcase classname="TestPage.TestShop" name="shippingnext" time="0.189"/>
  <testcase classname="TestPage.TestShop" name="continuebtn3" time="8.466"/>
  <testcase classname="TestPage.TestShop" name="continuebtn4" time="5.228"/>
  <testcase classname="TestPage.TestShop" name="confirm" time="2.251"/>
  <testcase classname="TestPage.TestShop" name="continuethank" time="5.316"/>
</testsuite> <!-- Default test -->
