<?xml version="1.0" encoding="UTF-8"?>
<!-- Generated by org.testng.reporters.JUnitXMLReporter -->
<testsuite ignored="0" hostname="LAPTOP-5RVKDHMM" failures="0" tests="11" name="Default test" time="85.438" errors="0" timestamp="2023-11-16T13:11:09 EST">
  <testcase classname="TestPage.TestShop" name="electronicsTab" time="16.073"/>
  <testcase classname="TestPage.TestShop" name="HTCimage" time="3.681"/>
  <testcase classname="TestPage.TestShop" name="clickAC" time="12.263"/>
  <testcase classname="TestPage.TestShop" name="termschkbtn" time="7.237"/>
  <testcase classname="TestPage.TestShop" name="guestbtn" time="0.886"/>
  <testcase classname="TestPage.TestShop" name="continuebtn1" time="4.415"/>
  <testcase classname="TestPage.TestShop" name="shippingnext" time="0.264"/>
  <testcase classname="TestPage.TestShop" name="continuebtn3" time="8.507"/>
  <testcase classname="TestPage.TestShop" name="continuebtn4" time="5.299"/>
  <testcase classname="TestPage.TestShop" name="confirm" time="2.299"/>
  <testcase classname="TestPage.TestShop" name="continuethank" time="5.393"/>
</testsuite> <!-- Default test -->
