<?xml version="1.0" encoding="UTF-8"?>
<!-- Generated by org.testng.reporters.JUnitXMLReporter -->
<testsuite ignored="0" hostname="LAPTOP-5RVKDHMM" failures="0" tests="15" name="Test" time="5.709" errors="0" timestamp="2023-10-24T18:11:27 EDT">
  <testcase classname="Pages.TestShopping" name="@BeforeClass testbaseSetup" time="5.531">
    <failure type="java.lang.AssertionError" message="home page is not displayed expected object to not be null">
      <![CDATA[java.lang.AssertionError: home page is not displayed expected object to not be null
at Pages.TestShopping.testbaseSetup(TestShopping.java:39)
at java.base/java.util.ArrayList.forEach(ArrayList.java:1511)
... Removed 27 stack frames]]>
    </failure>
  </testcase> <!-- @BeforeClass testbaseSetup -->
  <testcase classname="Pages.TestShopping" name="@AfterClass tearDown" time="0.0">
    <skipped/>
  </testcase> <!-- @AfterClass tearDown -->
  <testcase classname="Pages.TestShopping" name="hover" time="0.0">
    <skipped/>
  </testcase> <!-- hover -->
  <testcase classname="Pages.TestShopping" name="HTCimage" time="0.0">
    <skipped/>
  </testcase> <!-- HTCimage -->
  <testcase classname="Pages.TestShopping" name="addtocartbtn" time="0.0">
    <skipped/>
  </testcase> <!-- addtocartbtn -->
  <testcase classname="Pages.TestShopping" name="shcart" time="0.0">
    <skipped/>
  </testcase> <!-- shcart -->
  <testcase classname="Pages.TestShopping" name="displaytotal" time="0.0">
    <skipped/>
  </testcase> <!-- displaytotal -->
  <testcase classname="Pages.TestShopping" name="terms" time="0.0">
    <skipped/>
  </testcase> <!-- terms -->
  <testcase classname="Pages.TestShopping" name="chkbtn" time="0.0">
    <skipped/>
  </testcase> <!-- chkbtn -->
  <testcase classname="Pages.TestShopping" name="guest" time="0.0">
    <skipped/>
  </testcase> <!-- guest -->
  <testcase classname="Pages.TestShopping" name="continuebtn1" time="0.0">
    <skipped/>
  </testcase> <!-- continuebtn1 -->
  <testcase classname="Pages.TestShopping" name="shippingnext" time="0.0">
    <skipped/>
  </testcase> <!-- shippingnext -->
  <testcase classname="Pages.TestShopping" name="moneyorder" time="0.001">
    <skipped/>
  </testcase> <!-- moneyorder -->
  <testcase classname="Pages.TestShopping" name="continuebtn3" time="0.0">
    <skipped/>
  </testcase> <!-- continuebtn3 -->
  <testcase classname="Pages.TestShopping" name="continuebtn4" time="0.0">
    <skipped/>
  </testcase> <!-- continuebtn4 -->
  <testcase classname="Pages.TestShopping" name="confirm" time="0.0">
    <skipped/>
  </testcase> <!-- confirm -->
  <testcase classname="Pages.TestShopping" name="continuethank" time="0.0">
    <skipped/>
  </testcase> <!-- continuethank -->
</testsuite> <!-- Test -->
