<?xml version="1.0" encoding="UTF-8"?>
<!-- Generated by org.testng.reporters.JUnitXMLReporter -->
<testsuite ignored="0" hostname="LAPTOP-5RVKDHMM" failures="0" tests="11" name="Regression1" time="78.001" errors="0" timestamp="2023-10-31T13:41:26 EDT">
  <testcase classname="TestPage.TestShop" name="electronicsTab" time="15.417"/>
  <testcase classname="TestPage.TestShop" name="HTCimage" time="3.583"/>
  <testcase classname="TestPage.TestShop" name="clickAC" time="11.891"/>
  <testcase classname="TestPage.TestShop" name="termschkbtn" time="6.882"/>
  <testcase classname="TestPage.TestShop" name="guestbtn" time="0.496"/>
  <testcase classname="TestPage.TestShop" name="continuebtn1" time="4.092"/>
  <testcase classname="TestPage.TestShop" name="shippingnext" time="0.208"/>
  <testcase classname="TestPage.TestShop" name="continuebtn3" time="8.439"/>
  <testcase classname="TestPage.TestShop" name="continuebtn4" time="5.221"/>
  <testcase classname="TestPage.TestShop" name="confirm" time="2.28"/>
  <testcase classname="TestPage.TestShop" name="continuethank" time="5.329"/>
</testsuite> <!-- Regression1 -->
