<?xml version="1.0" encoding="UTF-8"?>
<testng-results ignored="0" total="2" passed="2" failed="0" skipped="0">
  <reporter-output>
  </reporter-output>
  <suite started-at="2023-11-12T21:07:22 EST" name="Default suite" finished-at="2023-11-12T21:07:38 EST" duration-ms="16668">
    <groups>
    </groups>
    <test started-at="2023-11-12T21:07:22 EST" name="Default test" finished-at="2023-11-12T21:07:38 EST" duration-ms="16668">
      <class name="TestPage.dataProviderMySqlTest">
        <test-method signature="SetUpTest(java.lang.String,java.lang.String,java.lang.String)[pri:0, instance:TestPage.dataProviderMySqlTest@12bcd0c0]" started-at="2023-11-12T21:07:23 EST" name="SetUpTest" data-provider="mySqlReadData" finished-at="2023-11-12T21:07:34 EST" duration-ms="11062" status="PASS">
          <params>
            <param index="0">
              <value>
                <![CDATA[http://demo.nopcommerce.com/]]>
              </value>
            </param>
            <param index="1">
              <value>
                <![CDATA[firefox]]>
              </value>
            </param>
            <param index="2">
              <value is-null="true"/>
            </param>
          </params>
          <reporter-output>
          </reporter-output>
        </test-method> <!-- SetUpTest -->
        <test-method signature="SetUpTest(java.lang.String,java.lang.String,java.lang.String)[pri:0, instance:TestPage.dataProviderMySqlTest@12bcd0c0]" started-at="2023-11-12T21:07:34 EST" name="SetUpTest" data-provider="mySqlReadData" finished-at="2023-11-12T21:07:38 EST" duration-ms="4622" status="PASS">
          <params>
            <param index="0">
              <value>
                <![CDATA[http://demo.nopcommerce.com/]]>
              </value>
            </param>
            <param index="1">
              <value>
                <![CDATA[chrome]]>
              </value>
            </param>
            <param index="2">
              <value is-null="true"/>
            </param>
          </params>
          <reporter-output>
          </reporter-output>
        </test-method> <!-- SetUpTest -->
      </class> <!-- TestPage.dataProviderMySqlTest -->
    </test> <!-- Default test -->
  </suite> <!-- Default suite -->
</testng-results>
